  project.c
c:\users\user\documents\visual studio 2017\projects\consoleapplication9\consoleapplication9\project.c(31): warning C4996: 'strcpy': This function or variable may be unsafe. Consider using strcpy_s instead. To disable deprecation, use _CRT_SECURE_NO_WARNINGS. See online help for details.
  c:\program files (x86)\windows kits\10\include\10.0.15063.0\ucrt\string.h(136): note: 'strcpy' 선언을 참조하십시오.
c:\users\user\documents\visual studio 2017\projects\consoleapplication9\consoleapplication9\project.c(42): warning C4996: 'scanf': This function or variable may be unsafe. Consider using scanf_s instead. To disable deprecation, use _CRT_SECURE_NO_WARNINGS. See online help for details.
  c:\program files (x86)\windows kits\10\include\10.0.15063.0\ucrt\stdio.h(1272): note: 'scanf' 선언을 참조하십시오.
c:\users\user\documents\visual studio 2017\projects\consoleapplication9\consoleapplication9\project.c(45): warning C4996: 'strlwr': The POSIX name for this item is deprecated. Instead, use the ISO C and C++ conformant name: _strlwr. See online help for details.
  c:\program files (x86)\windows kits\10\include\10.0.15063.0\ucrt\string.h(560): note: 'strlwr' 선언을 참조하십시오.
c:\users\user\documents\visual studio 2017\projects\consoleapplication9\consoleapplication9\project.c(101): warning C4996: 'strcpy': This function or variable may be unsafe. Consider using strcpy_s instead. To disable deprecation, use _CRT_SECURE_NO_WARNINGS. See online help for details.
  c:\program files (x86)\windows kits\10\include\10.0.15063.0\ucrt\string.h(136): note: 'strcpy' 선언을 참조하십시오.
c:\users\user\documents\visual studio 2017\projects\consoleapplication9\consoleapplication9\project.c(102): warning C4996: 'strcpy': This function or variable may be unsafe. Consider using strcpy_s instead. To disable deprecation, use _CRT_SECURE_NO_WARNINGS. See online help for details.
  c:\program files (x86)\windows kits\10\include\10.0.15063.0\ucrt\string.h(136): note: 'strcpy' 선언을 참조하십시오.
c:\users\user\documents\visual studio 2017\projects\consoleapplication9\consoleapplication9\project.c(103): warning C4996: 'strcat': This function or variable may be unsafe. Consider using strcat_s instead. To disable deprecation, use _CRT_SECURE_NO_WARNINGS. See online help for details.
  c:\program files (x86)\windows kits\10\include\10.0.15063.0\ucrt\string.h(93): note: 'strcat' 선언을 참조하십시오.
c:\users\user\documents\visual studio 2017\projects\consoleapplication9\consoleapplication9\project.c(107): warning C4996: 'strcpy': This function or variable may be unsafe. Consider using strcpy_s instead. To disable deprecation, use _CRT_SECURE_NO_WARNINGS. See online help for details.
  c:\program files (x86)\windows kits\10\include\10.0.15063.0\ucrt\string.h(136): note: 'strcpy' 선언을 참조하십시오.
c:\users\user\documents\visual studio 2017\projects\consoleapplication9\consoleapplication9\project.c(108): warning C4996: 'strcpy': This function or variable may be unsafe. Consider using strcpy_s instead. To disable deprecation, use _CRT_SECURE_NO_WARNINGS. See online help for details.
  c:\program files (x86)\windows kits\10\include\10.0.15063.0\ucrt\string.h(136): note: 'strcpy' 선언을 참조하십시오.
c:\users\user\documents\visual studio 2017\projects\consoleapplication9\consoleapplication9\project.c(109): warning C4996: 'strcat': This function or variable may be unsafe. Consider using strcat_s instead. To disable deprecation, use _CRT_SECURE_NO_WARNINGS. See online help for details.
  c:\program files (x86)\windows kits\10\include\10.0.15063.0\ucrt\string.h(93): note: 'strcat' 선언을 참조하십시오.
c:\users\user\documents\visual studio 2017\projects\consoleapplication9\consoleapplication9\project.c(110): warning C4996: 'strcat': This function or variable may be unsafe. Consider using strcat_s instead. To disable deprecation, use _CRT_SECURE_NO_WARNINGS. See online help for details.
  c:\program files (x86)\windows kits\10\include\10.0.15063.0\ucrt\string.h(93): note: 'strcat' 선언을 참조하십시오.
c:\users\user\documents\visual studio 2017\projects\consoleapplication9\consoleapplication9\project.c(116): warning C4996: 'strcat': This function or variable may be unsafe. Consider using strcat_s instead. To disable deprecation, use _CRT_SECURE_NO_WARNINGS. See online help for details.
  c:\program files (x86)\windows kits\10\include\10.0.15063.0\ucrt\string.h(93): note: 'strcat' 선언을 참조하십시오.
c:\users\user\documents\visual studio 2017\projects\consoleapplication9\consoleapplication9\project.c(119): warning C4996: 'strcat': This function or variable may be unsafe. Consider using strcat_s instead. To disable deprecation, use _CRT_SECURE_NO_WARNINGS. See online help for details.
  c:\program files (x86)\windows kits\10\include\10.0.15063.0\ucrt\string.h(93): note: 'strcat' 선언을 참조하십시오.
c:\users\user\documents\visual studio 2017\projects\consoleapplication9\consoleapplication9\project.c(120): warning C4996: 'strcat': This function or variable may be unsafe. Consider using strcat_s instead. To disable deprecation, use _CRT_SECURE_NO_WARNINGS. See online help for details.
  c:\program files (x86)\windows kits\10\include\10.0.15063.0\ucrt\string.h(93): note: 'strcat' 선언을 참조하십시오.
c:\users\user\documents\visual studio 2017\projects\consoleapplication9\consoleapplication9\project.c(122): warning C4996: 'strcat': This function or variable may be unsafe. Consider using strcat_s instead. To disable deprecation, use _CRT_SECURE_NO_WARNINGS. See online help for details.
  c:\program files (x86)\windows kits\10\include\10.0.15063.0\ucrt\string.h(93): note: 'strcat' 선언을 참조하십시오.
c:\users\user\documents\visual studio 2017\projects\consoleapplication9\consoleapplication9\project.c(123): warning C4996: 'strcat': This function or variable may be unsafe. Consider using strcat_s instead. To disable deprecation, use _CRT_SECURE_NO_WARNINGS. See online help for details.
  c:\program files (x86)\windows kits\10\include\10.0.15063.0\ucrt\string.h(93): note: 'strcat' 선언을 참조하십시오.
c:\users\user\documents\visual studio 2017\projects\consoleapplication9\consoleapplication9\project.c(126): warning C4996: 'strcat': This function or variable may be unsafe. Consider using strcat_s instead. To disable deprecation, use _CRT_SECURE_NO_WARNINGS. See online help for details.
  c:\program files (x86)\windows kits\10\include\10.0.15063.0\ucrt\string.h(93): note: 'strcat' 선언을 참조하십시오.
c:\users\user\documents\visual studio 2017\projects\consoleapplication9\consoleapplication9\project.c(189): warning C4013: 'isalpha_made'이(가) 정의되지 않았습니다. extern은 int형을 반환하는 것으로 간주합니다.
c:\users\user\documents\visual studio 2017\projects\consoleapplication9\consoleapplication9\project.c(175): warning C4996: 'fopen': This function or variable may be unsafe. Consider using fopen_s instead. To disable deprecation, use _CRT_SECURE_NO_WARNINGS. See online help for details.
  c:\program files (x86)\windows kits\10\include\10.0.15063.0\ucrt\stdio.h(207): note: 'fopen' 선언을 참조하십시오.
c:\users\user\documents\visual studio 2017\projects\consoleapplication9\consoleapplication9\project.c(180): warning C4996: 'fscanf': This function or variable may be unsafe. Consider using fscanf_s instead. To disable deprecation, use _CRT_SECURE_NO_WARNINGS. See online help for details.
  c:\program files (x86)\windows kits\10\include\10.0.15063.0\ucrt\stdio.h(1195): note: 'fscanf' 선언을 참조하십시오.
c:\users\user\documents\visual studio 2017\projects\consoleapplication9\consoleapplication9\project.c(185): warning C4996: 'strcpy': This function or variable may be unsafe. Consider using strcpy_s instead. To disable deprecation, use _CRT_SECURE_NO_WARNINGS. See online help for details.
  c:\program files (x86)\windows kits\10\include\10.0.15063.0\ucrt\string.h(136): note: 'strcpy' 선언을 참조하십시오.
c:\users\user\documents\visual studio 2017\projects\consoleapplication9\consoleapplication9\project.c(186): warning C4996: 'strcpy': This function or variable may be unsafe. Consider using strcpy_s instead. To disable deprecation, use _CRT_SECURE_NO_WARNINGS. See online help for details.
  c:\program files (x86)\windows kits\10\include\10.0.15063.0\ucrt\string.h(136): note: 'strcpy' 선언을 참조하십시오.
c:\users\user\documents\visual studio 2017\projects\consoleapplication9\consoleapplication9\project.c(225): warning C4996: 'strcpy': This function or variable may be unsafe. Consider using strcpy_s instead. To disable deprecation, use _CRT_SECURE_NO_WARNINGS. See online help for details.
  c:\program files (x86)\windows kits\10\include\10.0.15063.0\ucrt\string.h(136): note: 'strcpy' 선언을 참조하십시오.
c:\users\user\documents\visual studio 2017\projects\consoleapplication9\consoleapplication9\project.c(82): warning C4715: 'search_node': 모든 제어 경로에서 값을 반환하지는 않습니다.
  ConsoleApplication9.vcxproj -> C:\Users\USER\documents\visual studio 2017\Projects\ConsoleApplication9\Debug\ConsoleApplication9.exe
  ConsoleApplication9.vcxproj -> C:\Users\USER\documents\visual studio 2017\Projects\ConsoleApplication9\Debug\ConsoleApplication9.pdb (Partial PDB)
