  project.c
c:\users\user\desktop\과제\2-1\자구\자구_project\최종project\project\project\project.c(41): warning C4098: 'main': 'void' 함수에서 값을 반환하고 있습니다.
c:\users\user\desktop\과제\2-1\자구\자구_project\최종project\project\project\project.c(30): warning C4996: 'scanf': This function or variable may be unsafe. Consider using scanf_s instead. To disable deprecation, use _CRT_SECURE_NO_WARNINGS. See online help for details.
  c:\program files (x86)\windows kits\10\include\10.0.15063.0\ucrt\stdio.h(1272): note: 'scanf' 선언을 참조하십시오.
c:\users\user\desktop\과제\2-1\자구\자구_project\최종project\project\project\project.c(50): warning C4047: 'return': 'char'의 간접 참조 수준이 'void *'과(와) 다릅니다.
c:\users\user\desktop\과제\2-1\자구\자구_project\최종project\project\project\project.c(66): warning C4996: 'strcpy': This function or variable may be unsafe. Consider using strcpy_s instead. To disable deprecation, use _CRT_SECURE_NO_WARNINGS. See online help for details.
  c:\program files (x86)\windows kits\10\include\10.0.15063.0\ucrt\string.h(136): note: 'strcpy' 선언을 참조하십시오.
c:\users\user\desktop\과제\2-1\자구\자구_project\최종project\project\project\project.c(104): warning C4996: 'strcpy': This function or variable may be unsafe. Consider using strcpy_s instead. To disable deprecation, use _CRT_SECURE_NO_WARNINGS. See online help for details.
  c:\program files (x86)\windows kits\10\include\10.0.15063.0\ucrt\string.h(136): note: 'strcpy' 선언을 참조하십시오.
c:\users\user\desktop\과제\2-1\자구\자구_project\최종project\project\project\project.c(153): warning C4996: 'fopen': This function or variable may be unsafe. Consider using fopen_s instead. To disable deprecation, use _CRT_SECURE_NO_WARNINGS. See online help for details.
  c:\program files (x86)\windows kits\10\include\10.0.15063.0\ucrt\stdio.h(207): note: 'fopen' 선언을 참조하십시오.
c:\users\user\desktop\과제\2-1\자구\자구_project\최종project\project\project\project.c(167): warning C4996: 'fscanf': This function or variable may be unsafe. Consider using fscanf_s instead. To disable deprecation, use _CRT_SECURE_NO_WARNINGS. See online help for details.
  c:\program files (x86)\windows kits\10\include\10.0.15063.0\ucrt\stdio.h(1195): note: 'fscanf' 선언을 참조하십시오.
c:\users\user\desktop\과제\2-1\자구\자구_project\최종project\project\project\project.c(176): warning C4996: 'fscanf': This function or variable may be unsafe. Consider using fscanf_s instead. To disable deprecation, use _CRT_SECURE_NO_WARNINGS. See online help for details.
  c:\program files (x86)\windows kits\10\include\10.0.15063.0\ucrt\stdio.h(1195): note: 'fscanf' 선언을 참조하십시오.
c:\users\user\desktop\과제\2-1\자구\자구_project\최종project\project\project\project.c(227): warning C4047: '==': 'int'의 간접 참조 수준이 'void *'과(와) 다릅니다.
c:\users\user\desktop\과제\2-1\자구\자구_project\최종project\project\project\project.c(213): warning C4996: 'strcpy': This function or variable may be unsafe. Consider using strcpy_s instead. To disable deprecation, use _CRT_SECURE_NO_WARNINGS. See online help for details.
  c:\program files (x86)\windows kits\10\include\10.0.15063.0\ucrt\string.h(136): note: 'strcpy' 선언을 참조하십시오.
c:\users\user\desktop\과제\2-1\자구\자구_project\최종project\project\project\project.c(215): warning C4996: 'fopen': This function or variable may be unsafe. Consider using fopen_s instead. To disable deprecation, use _CRT_SECURE_NO_WARNINGS. See online help for details.
  c:\program files (x86)\windows kits\10\include\10.0.15063.0\ucrt\stdio.h(207): note: 'fopen' 선언을 참조하십시오.
c:\users\user\desktop\과제\2-1\자구\자구_project\최종project\project\project\project.c(216): warning C4474: 'printf' : 서식 문자열에 전달된 인수가 너무 많습니다.
  c:\users\user\desktop\과제\2-1\자구\자구_project\최종project\project\project\project.c(216): note: 자리 표시자 및 해당 매개 변수에는 variadic 인수가 0개 필요하지만 1개가 제공되었습니다.
c:\users\user\desktop\과제\2-1\자구\자구_project\최종project\project\project\project.c(220): warning C4996: 'fscanf': This function or variable may be unsafe. Consider using fscanf_s instead. To disable deprecation, use _CRT_SECURE_NO_WARNINGS. See online help for details.
  c:\program files (x86)\windows kits\10\include\10.0.15063.0\ucrt\stdio.h(1195): note: 'fscanf' 선언을 참조하십시오.
  Project.vcxproj -> C:\Users\USER\Desktop\과제\2-1\자구\자구_project\최종Project\Project\Debug\Project.exe
  Project.vcxproj -> C:\Users\USER\Desktop\과제\2-1\자구\자구_project\최종Project\Project\Debug\Project.pdb (Partial PDB)
